[debug] [2025-04-01T16:39:45.357Z] ----------------------------------------------------------------------
[debug] [2025-04-01T16:39:45.362Z] Command:       /usr/local/bin/node /Users/kookie/.npm-global/bin/firebase init
[debug] [2025-04-01T16:39:45.363Z] CLI Version:   14.0.1
[debug] [2025-04-01T16:39:45.363Z] Platform:      darwin
[debug] [2025-04-01T16:39:45.363Z] Node Version:  v22.13.1
[debug] [2025-04-01T16:39:45.363Z] Time:          Tue Apr 01 2025 09:39:45 GMT-0700 (Pacific Daylight Time)
[debug] [2025-04-01T16:39:45.363Z] ----------------------------------------------------------------------
[debug] 
[debug] [2025-04-01T16:39:45.368Z] > command requires scopes: ["email","openid","https://www.googleapis.com/auth/cloudplatformprojects.readonly","https://www.googleapis.com/auth/firebase","https://www.googleapis.com/auth/cloud-platform"]
[debug] [2025-04-01T16:39:45.368Z] > authorizing via signed-in user (kokoonuwavbagbe@gmail.com)
[info] 
     ######## #### ########  ######## ########     ###     ######  ########
     ##        ##  ##     ## ##       ##     ##  ##   ##  ##       ##
     ######    ##  ########  ######   ########  #########  ######  ######
     ##        ##  ##    ##  ##       ##     ## ##     ##       ## ##
     ##       #### ##     ## ######## ########  ##     ##  ######  ########

You're about to initialize a Firebase project in this directory:

  /Users/kookie/Documents/COMP1800/demos/demo#13/myhike_onuwavbagbe_koko

[info] 
=== Project Setup
[info] 
[info] First, let's associate this project directory with a Firebase project.
[info] You can create multiple project aliases by running firebase use --add, 
[info] but for now we'll just set up a default project.
[info] 
[debug] [2025-04-01T16:42:20.939Z] Checked if tokens are valid: true, expires at: 1743528819898
[debug] [2025-04-01T16:42:20.939Z] Checked if tokens are valid: true, expires at: 1743528819898
[debug] [2025-04-01T16:42:20.941Z] >>> [apiv2][query] GET https://firebase.googleapis.com/v1beta1/projects pageSize=100
[debug] [2025-04-01T16:42:21.310Z] <<< [apiv2][status] GET https://firebase.googleapis.com/v1beta1/projects 200
[debug] [2025-04-01T16:42:21.310Z] <<< [apiv2][body] GET https://firebase.googleapis.com/v1beta1/projects [omitted]
[info] i  Using project comp1800-demo-2464b (comp1800-demo) 
[info] 
=== Firestore Setup
[debug] [2025-04-01T16:43:39.260Z] Checked if tokens are valid: true, expires at: 1743528819898
[debug] [2025-04-01T16:43:39.260Z] Checked if tokens are valid: true, expires at: 1743528819898
[debug] [2025-04-01T16:43:39.261Z] >>> [apiv2][query] GET https://serviceusage.googleapis.com/v1/projects/comp1800-demo-2464b/services/firestore.googleapis.com [none]
[debug] [2025-04-01T16:43:39.261Z] >>> [apiv2][(partial)header] GET https://serviceusage.googleapis.com/v1/projects/comp1800-demo-2464b/services/firestore.googleapis.com x-goog-quota-user=projects/comp1800-demo-2464b
[debug] [2025-04-01T16:43:39.937Z] <<< [apiv2][status] GET https://serviceusage.googleapis.com/v1/projects/comp1800-demo-2464b/services/firestore.googleapis.com 200
[debug] [2025-04-01T16:43:39.937Z] <<< [apiv2][body] GET https://serviceusage.googleapis.com/v1/projects/comp1800-demo-2464b/services/firestore.googleapis.com [omitted]
[debug] [2025-04-01T16:43:39.938Z] Checked if tokens are valid: true, expires at: 1743528819898
[debug] [2025-04-01T16:43:39.938Z] Checked if tokens are valid: true, expires at: 1743528819898
[debug] [2025-04-01T16:43:39.938Z] >>> [apiv2][query] GET https://firestore.googleapis.com/v1/projects/comp1800-demo-2464b/databases/(default) [none]
[debug] [2025-04-01T16:43:40.461Z] <<< [apiv2][status] GET https://firestore.googleapis.com/v1/projects/comp1800-demo-2464b/databases/(default) 200
[debug] [2025-04-01T16:43:40.461Z] <<< [apiv2][body] GET https://firestore.googleapis.com/v1/projects/comp1800-demo-2464b/databases/(default) {"name":"projects/comp1800-demo-2464b/databases/(default)","uid":"1f0aae4d-adcc-4183-98e8-28b7245b9f9b","createTime":"2025-03-04T16:41:00.706453Z","updateTime":"2025-03-04T16:41:00.706453Z","locationId":"nam5","type":"FIRESTORE_NATIVE","concurrencyMode":"PESSIMISTIC","versionRetentionPeriod":"3600s","earliestVersionTime":"2025-04-01T15:43:40.362972Z","appEngineIntegrationMode":"DISABLED","keyPrefix":"s","pointInTimeRecoveryEnablement":"POINT_IN_TIME_RECOVERY_DISABLED","deleteProtectionState":"DELETE_PROTECTION_DISABLED","databaseEdition":"STANDARD","freeTier":true,"etag":"IKjdt+mjt4wDMOmLxKKhqYwD"}
[debug] [2025-04-01T16:43:40.461Z] database_type: FIRESTORE_NATIVE
[debug] [2025-04-01T16:43:40.461Z] database_type: FIRESTORE_NATIVE
[debug] [2025-04-01T16:43:40.462Z] > command requires scopes: ["email","openid","https://www.googleapis.com/auth/cloudplatformprojects.readonly","https://www.googleapis.com/auth/firebase","https://www.googleapis.com/auth/cloud-platform"]
[debug] [2025-04-01T16:43:40.462Z] > authorizing via signed-in user (kokoonuwavbagbe@gmail.com)
[debug] [2025-04-01T16:43:40.462Z] [iam] checking project comp1800-demo-2464b for permissions ["firebase.projects.get"]
[debug] [2025-04-01T16:43:40.463Z] Checked if tokens are valid: true, expires at: 1743528819898
[debug] [2025-04-01T16:43:40.463Z] Checked if tokens are valid: true, expires at: 1743528819898
[debug] [2025-04-01T16:43:40.463Z] >>> [apiv2][query] POST https://cloudresourcemanager.googleapis.com/v1/projects/comp1800-demo-2464b:testIamPermissions [none]
[debug] [2025-04-01T16:43:40.463Z] >>> [apiv2][(partial)header] POST https://cloudresourcemanager.googleapis.com/v1/projects/comp1800-demo-2464b:testIamPermissions x-goog-quota-user=projects/comp1800-demo-2464b
[debug] [2025-04-01T16:43:40.463Z] >>> [apiv2][body] POST https://cloudresourcemanager.googleapis.com/v1/projects/comp1800-demo-2464b:testIamPermissions {"permissions":["firebase.projects.get"]}
[debug] [2025-04-01T16:43:40.581Z] <<< [apiv2][status] POST https://cloudresourcemanager.googleapis.com/v1/projects/comp1800-demo-2464b:testIamPermissions 200
[debug] [2025-04-01T16:43:40.581Z] <<< [apiv2][body] POST https://cloudresourcemanager.googleapis.com/v1/projects/comp1800-demo-2464b:testIamPermissions {"permissions":["firebase.projects.get"]}
[info] 
[info] Firestore Security Rules allow you to define how and when to allow
[info] requests. You can keep these rules in your project directory
[info] and publish them with firebase deploy.
[info] 
[debug] [2025-04-01T16:44:09.379Z] Checked if tokens are valid: true, expires at: 1743528819898
[debug] [2025-04-01T16:44:09.380Z] Checked if tokens are valid: true, expires at: 1743528819898
[debug] [2025-04-01T16:44:09.382Z] >>> [apiv2][query] GET https://firebaserules.googleapis.com/v1/projects/comp1800-demo-2464b/releases pageSize=10&pageToken=
[debug] [2025-04-01T16:44:09.522Z] <<< [apiv2][status] GET https://firebaserules.googleapis.com/v1/projects/comp1800-demo-2464b/releases 200
[debug] [2025-04-01T16:44:09.522Z] <<< [apiv2][body] GET https://firebaserules.googleapis.com/v1/projects/comp1800-demo-2464b/releases {"releases":[{"name":"projects/comp1800-demo-2464b/releases/cloud.firestore","rulesetName":"projects/comp1800-demo-2464b/rulesets/747738fa-c6df-47c5-a322-118fb42a81ad","createTime":"2025-03-04T16:41:02.610506Z","updateTime":"2025-03-04T16:42:46.111737Z"}]}
[debug] [2025-04-01T16:44:09.522Z] Found ruleset: projects/comp1800-demo-2464b/rulesets/747738fa-c6df-47c5-a322-118fb42a81ad
[debug] [2025-04-01T16:44:09.522Z] Checked if tokens are valid: true, expires at: 1743528819898
[debug] [2025-04-01T16:44:09.522Z] Checked if tokens are valid: true, expires at: 1743528819898
[debug] [2025-04-01T16:44:09.522Z] >>> [apiv2][query] GET https://firebaserules.googleapis.com/v1/projects/comp1800-demo-2464b/rulesets/747738fa-c6df-47c5-a322-118fb42a81ad [none]
[debug] [2025-04-01T16:44:09.858Z] <<< [apiv2][status] GET https://firebaserules.googleapis.com/v1/projects/comp1800-demo-2464b/rulesets/747738fa-c6df-47c5-a322-118fb42a81ad 200
[debug] [2025-04-01T16:44:09.858Z] <<< [apiv2][body] GET https://firebaserules.googleapis.com/v1/projects/comp1800-demo-2464b/rulesets/747738fa-c6df-47c5-a322-118fb42a81ad [omitted]
[info] 
[info] Firestore indexes allow you to perform complex queries while
[info] maintaining performance that scales with the size of the result
[info] set. You can keep index definitions in your project directory
[info] and publish them with firebase deploy.
[info] 
[debug] [2025-04-01T16:44:16.119Z] Checked if tokens are valid: true, expires at: 1743528819898
[debug] [2025-04-01T16:44:16.119Z] Checked if tokens are valid: true, expires at: 1743528819898
[debug] [2025-04-01T16:44:16.119Z] Checked if tokens are valid: true, expires at: 1743528819898
[debug] [2025-04-01T16:44:16.119Z] Checked if tokens are valid: true, expires at: 1743528819898
[debug] [2025-04-01T16:44:16.120Z] >>> [apiv2][query] GET https://firestore.googleapis.com/v1/projects/comp1800-demo-2464b/databases/(default)/collectionGroups/-/indexes [none]
[debug] [2025-04-01T16:44:16.135Z] >>> [apiv2][query] GET https://firestore.googleapis.com/v1/projects/comp1800-demo-2464b/databases/(default)/collectionGroups/-/fields?filter=indexConfig.usesAncestorConfig=false OR ttlConfig:* [none]
[debug] [2025-04-01T16:44:16.528Z] <<< [apiv2][status] GET https://firestore.googleapis.com/v1/projects/comp1800-demo-2464b/databases/(default)/collectionGroups/-/fields?filter=indexConfig.usesAncestorConfig=false OR ttlConfig:* 200
[debug] [2025-04-01T16:44:16.529Z] <<< [apiv2][body] GET https://firestore.googleapis.com/v1/projects/comp1800-demo-2464b/databases/(default)/collectionGroups/-/fields?filter=indexConfig.usesAncestorConfig=false OR ttlConfig:* {"fields":[{"name":"projects/comp1800-demo-2464b/databases/(default)/collectionGroups/__default__/fields/*","indexConfig":{"indexes":[{"queryScope":"COLLECTION","fields":[{"fieldPath":"*","order":"ASCENDING"}],"state":"READY"},{"queryScope":"COLLECTION","fields":[{"fieldPath":"*","order":"DESCENDING"}],"state":"READY"},{"queryScope":"COLLECTION","fields":[{"fieldPath":"*","arrayConfig":"CONTAINS"}],"state":"READY"}]}}]}
[debug] [2025-04-01T16:44:16.554Z] <<< [apiv2][status] GET https://firestore.googleapis.com/v1/projects/comp1800-demo-2464b/databases/(default)/collectionGroups/-/indexes 200
[debug] [2025-04-01T16:44:16.554Z] <<< [apiv2][body] GET https://firestore.googleapis.com/v1/projects/comp1800-demo-2464b/databases/(default)/collectionGroups/-/indexes {}
[info] 
=== Hosting Setup
[debug] [2025-04-01T16:44:16.556Z] Checked if tokens are valid: true, expires at: 1743528819898
[debug] [2025-04-01T16:44:16.556Z] Checked if tokens are valid: true, expires at: 1743528819898
[debug] [2025-04-01T16:44:16.557Z] >>> [apiv2][query] GET https://firebase.googleapis.com/v1beta1/projects/comp1800-demo-2464b [none]
[debug] [2025-04-01T16:44:16.788Z] <<< [apiv2][status] GET https://firebase.googleapis.com/v1beta1/projects/comp1800-demo-2464b 200
[debug] [2025-04-01T16:44:16.788Z] <<< [apiv2][body] GET https://firebase.googleapis.com/v1beta1/projects/comp1800-demo-2464b {"projectId":"comp1800-demo-2464b","projectNumber":"189710986568","displayName":"comp1800-demo","name":"projects/comp1800-demo-2464b","resources":{"hostingSite":"comp1800-demo-2464b"},"state":"ACTIVE","etag":"1_4e2237da-6d63-4e4d-b10e-c626eef7bb22"}
[info] 
[info] Your public directory is the folder (relative to your project directory) that
[info] will contain Hosting assets to be uploaded with firebase deploy. If you
[info] have a build process for your assets, use your build's output directory.
[info] 
